<?xml version='1.0' encoding='UTF-8'?>
<testsuite hostname="Luongs-MBP" name="services.UserServiceIntegrationTest" tests="7" errors="0" failures="0" time="2.466">
                     <properties>
[...]
</properties>
                     <testcase classname="services.UserServiceIntegrationTest" name="UserService should find a user given its Id" time="0.81">
                                                 
                                               </testcase><testcase classname="services.UserServiceIntegrationTest" name="UserService should find a user with non-existing Id" time="0.199">
                                                 
                                               </testcase><testcase classname="services.UserServiceIntegrationTest" name="UserService should get all users" time="0.224">
                                                 
                                               </testcase><testcase classname="services.UserServiceIntegrationTest" name="UserService should insert a new user" time="0.416">
                                                 
                                               </testcase><testcase classname="services.UserServiceIntegrationTest" name="UserService should delete an existing user" time="0.191">
                                                 
                                               </testcase><testcase classname="services.UserServiceIntegrationTest" name="UserService should return exception when deleting a non-existing user" time="0.206">
                                                 
                                               </testcase><testcase classname="services.UserServiceIntegrationTest" name="UserService should update an existing user" time="0.42">
                                                 
                                               </testcase>
                     <system-out></system-out>
                     <system-err></system-err>
                   </testsuite>